2013-10-21 14:45:39,286 (7f31e17f0700) :  INFO (core:336) - Starting framework core - Version: 2.3.11, Build: 9dc7356 (Thu Aug 29 21:52:02 UTC 2013)
2013-10-21 14:45:39,286 (7f31e17f0700) :  DEBUG (core:348) - Using the elevated policy
2013-10-21 14:45:39,286 (7f31e17f0700) :  DEBUG (core:437) - Starting runtime component.
2013-10-21 14:45:39,289 (7f31e17f0700) :  DEBUG (core:437) - Starting caching component.
2013-10-21 14:45:39,290 (7f31e17f0700) :  DEBUG (core:437) - Starting data component.
2013-10-21 14:45:39,290 (7f31e17f0700) :  DEBUG (core:437) - Starting networking component.
2013-10-21 14:45:39,291 (7f31e17f0700) :  DEBUG (networking:318) - Loaded HTTP cookies
2013-10-21 14:45:39,291 (7f31e17f0700) :  DEBUG (networking:504) - Setting the default network timeout to 20.0
2013-10-21 14:45:39,292 (7f31e17f0700) :  DEBUG (core:437) - Starting localization component.
2013-10-21 14:45:39,293 (7f31e17f0700) :  INFO (localization:408) - Setting the default locale to en-us
2013-10-21 14:45:39,293 (7f31e17f0700) :  DEBUG (core:437) - Starting messaging component.
2013-10-21 14:45:39,293 (7f31e17f0700) :  DEBUG (core:437) - Starting debugging component.
2013-10-21 14:45:39,294 (7f31e17f0700) :  DEBUG (core:437) - Starting services component.
2013-10-21 14:45:39,295 (7f31e17f0700) :  DEBUG (core:437) - Starting myplex component.
2013-10-21 14:45:39,295 (7f31c9ffb700) :  DEBUG (networking:172) - Requesting 'http://127.0.0.1:32400/system/messaging/clear_events/com.plexapp.plugins.findUnmatch'
2013-10-21 14:45:39,296 (7f31e17f0700) :  DEBUG (core:437) - Starting notifications component.
2013-10-21 14:45:39,456 (7f31e17f0700) :  DEBUG (accessor:68) - Creating a new model access point for provider com.plexapp.plugins.findUnmatch in namespace 'metadata'
2013-10-21 14:45:39,461 (7f31e17f0700) :  DEBUG (networking:172) - Requesting 'http://127.0.0.1:32400/:/plugins/com.plexapp.system/resourceHashes'
2013-10-21 14:45:39,711 (7f31c9ffb700) :  DEBUG (services:265) - Plug-in is not daemonized - loading services from system
2013-10-21 14:45:39,711 (7f31e17f0700) :  DEBUG (runtime:1107) - Created a thread named 'load_all_services'
2013-10-21 14:45:39,712 (7f31c9ffb700) :  DEBUG (networking:172) - Requesting 'http://127.0.0.1:32400/:/plugins/com.plexapp.system/messaging/function/X0J1bmRsZVNlcnZpY2U6QWxsU2VydmljZXM_/Y2VyZWFsMQoxCmxpc3QKMApyMAo_/Y2VyZWFsMQoxCmRpY3QKMApyMAo_'
2013-10-21 14:45:39,716 (7f31e17f0700) :  DEBUG (runtime:1107) - Created a thread named 'get_server_info'
2013-10-21 14:45:39,716 (7f31e17f0700) :  DEBUG (core:149) - Finished starting framework core
2013-10-21 14:45:39,717 (7f31c8ff9700) :  DEBUG (networking:172) - Requesting 'http://127.0.0.1:32400'
2013-10-21 14:45:39,717 (7f31e17f0700) :  DEBUG (core:547) - Loading plug-in code
2013-10-21 14:45:39,741 (7f31c8ff9700) :  DEBUG (core:525) - Machine identifier is ada598d9822a48709c824c2dc1ffbe567294ba2f
2013-10-21 14:45:39,741 (7f31c8ff9700) :  DEBUG (core:526) - Server version is 0.9.8.6.175-88ffbb2
2013-10-21 14:45:39,849 (7f31e17f0700) :  DEBUG (core:553) - Finished loading plug-in code
2013-10-21 14:45:39,850 (7f31e17f0700) :  DEBUG (runtime:640) - Adding a prefix handler for 'FindUnmatched' ('/applications/findUnmatched')
2013-10-21 14:45:39,853 (7f31e17f0700) :  DEBUG (__init__:165) - *********  Starting to get User Prefs  ***************
2013-10-21 14:45:39,988 (7f31c9ffb700) :  DEBUG (services:362) - Loaded services
2013-10-21 14:45:39,998 (7f31c97fa700) :  DEBUG (services:438) - No shared code to load
2013-10-21 14:45:40,000 (7f31e17f0700) :  DEBUG (preferences:256) - Loaded preferences from DefaultPrefs.json
2013-10-21 14:45:40,001 (7f31e17f0700) :  DEBUG (preferences:178) - Loaded the user preferences for com.plexapp.plugins.findUnmatch
2013-10-21 14:45:40,001 (7f31e17f0700) :  DEBUG (__init__:172) - PMS_URL is : http://localhost:32400/library/sections/
2013-10-21 14:45:40,002 (7f31e17f0700) :  DEBUG (__init__:175) - VALID_EXTENSIONS from prefs are : .m4v, .3gp, .nsv, .ts, .ty, .strm, .rm, .rmvb, .m3u, .mov, .qt, .divx, .xvid, .bivx, .vob, .nrg, .img, .iso, .pva, .wmv, .asf, .asx, .ogm, .m2v, .avi, .bin, .dat, .dvr-ms, .mpg, .mpeg, .mp4, .mkv, .avc, .vp3, .svq3, .nuv, .viv, .dv, .fli, .flv, .rar, .001, .wpl, .zip, .jpg, .mp3
2013-10-21 14:45:40,002 (7f31e17f0700) :  DEBUG (__init__:178) - OK_FILES from prefs are : imdb.nfo, .DS_Store, __db.001, .*
2013-10-21 14:45:40,002 (7f31e17f0700) :  DEBUG (__init__:181) - IGNORED_DIRS from prefs are : .@__thumb, /.AppleDouble/
2013-10-21 14:45:40,003 (7f31e17f0700) :  DEBUG (__init__:184) - OTHER_EXTENSIONS from prefs are : .srt, .xml, .idx, .jpg, .sub
2013-10-21 14:45:40,003 (7f31e17f0700) :  DEBUG (__init__:185) - *********  Ending get User Prefs  ***************
2013-10-21 14:45:40,003 (7f31e17f0700) :  INFO (core:598) - Started plug-in
2013-10-21 14:45:40,003 (7f31e17f0700) :  DEBUG (socketinterface:144) - Starting socket server
2013-10-21 14:45:40,005 (7f31e17f0700) :  DEBUG (runtime:1107) - Created a thread named 'start'
2013-10-21 14:45:40,005 (7f31e17f0700) :  INFO (socketinterface:168) - Socket server started on port 45847
2013-10-21 14:45:40,005 (7f31e17f0700) :  INFO (pipeinterface:25) - Entering run loop
2013-10-21 14:45:40,006 (7f31e17f0700) :  DEBUG (runtime:717) - Handling request GET /:/prefixes
2013-10-21 14:45:40,008 (7f31e17f0700) :  DEBUG (runtime:814) - Found route matching /:/prefixes
2013-10-21 14:45:40,009 (7f31e17f0700) :  DEBUG (runtime:914) - Response: [200] MediaContainer, 483 bytes
